<?xml version="1.0" encoding="UTF-8"?>
<!-- Generated by org.testng.reporters.JUnitReportReporter -->
<testsuite hostname="LAPTOP-3LDA1PIK" failures="0" tests="2" name="test.fisrtScript" time="3.952" errors="0" timestamp="2024-12-14T12:35:50 IST" skipped="1">
  <testcase classname="test.fisrtScript" name="getListUsers" time="3.952"/>
  <testcase classname="test.fisrtScript" name="getapi">
    <skipped/>
  </testcase> <!-- getapi -->
</testsuite> <!-- test.fisrtScript -->
