<?xml version="1.0" encoding="UTF-8"?>
<!-- Generated by org.testng.reporters.JUnitReportReporter -->
<testsuite hostname="LAPTOP-3LDA1PIK" failures="0" tests="1" name="com.eviltester.apichallenges.TC_001" time="4.728" errors="0" timestamp="2024-12-14T14:50:57 IST" skipped="0">
  <testcase classname="com.eviltester.apichallenges.TC_001" name="getSingleEntity" time="4.728"/>
</testsuite> <!-- com.eviltester.apichallenges.TC_001 -->
